[debug] [2023-10-04T03:45:03.636Z] ----------------------------------------------------------------------
[debug] [2023-10-04T03:45:03.637Z] Command:       /usr/local/bin/node /usr/local/bin/firebase deploy
[debug] [2023-10-04T03:45:03.638Z] CLI Version:   12.6.1
[debug] [2023-10-04T03:45:03.638Z] Platform:      darwin
[debug] [2023-10-04T03:45:03.638Z] Node Version:  v18.17.1
[debug] [2023-10-04T03:45:03.643Z] Time:          Tue Oct 03 2023 20:45:03 GMT-0700 (Pacific Daylight Time)
[debug] [2023-10-04T03:45:03.643Z] ----------------------------------------------------------------------
[debug] 
[debug] [2023-10-04T03:45:03.678Z] > command requires scopes: ["email","openid","https://www.googleapis.com/auth/cloudplatformprojects.readonly","https://www.googleapis.com/auth/firebase","https://www.googleapis.com/auth/cloud-platform"]
[debug] [2023-10-04T03:45:03.679Z] > authorizing via signed-in user (leonojaggon@gmail.com)
[debug] [2023-10-04T03:45:03.679Z] [iam] checking project markit-63b00 for permissions ["datastore.indexes.create","datastore.indexes.delete","datastore.indexes.list","datastore.indexes.update","firebase.projects.get","firebasehosting.sites.update","firebaserules.releases.create","firebaserules.releases.update","firebaserules.rulesets.create"]
[debug] [2023-10-04T03:45:03.680Z] >>> [apiv2][query] POST https://cloudresourcemanager.googleapis.com/v1/projects/markit-63b00:testIamPermissions [none]
[debug] [2023-10-04T03:45:03.680Z] >>> [apiv2][(partial)header] POST https://cloudresourcemanager.googleapis.com/v1/projects/markit-63b00:testIamPermissions x-goog-quota-user=projects/markit-63b00
[debug] [2023-10-04T03:45:03.680Z] >>> [apiv2][body] POST https://cloudresourcemanager.googleapis.com/v1/projects/markit-63b00:testIamPermissions {"permissions":["datastore.indexes.create","datastore.indexes.delete","datastore.indexes.list","datastore.indexes.update","firebase.projects.get","firebasehosting.sites.update","firebaserules.releases.create","firebaserules.releases.update","firebaserules.rulesets.create"]}
[debug] [2023-10-04T03:45:03.977Z] <<< [apiv2][status] POST https://cloudresourcemanager.googleapis.com/v1/projects/markit-63b00:testIamPermissions 200
[debug] [2023-10-04T03:45:03.978Z] <<< [apiv2][body] POST https://cloudresourcemanager.googleapis.com/v1/projects/markit-63b00:testIamPermissions {"permissions":["datastore.indexes.create","datastore.indexes.delete","datastore.indexes.list","datastore.indexes.update","firebase.projects.get","firebasehosting.sites.update","firebaserules.releases.create","firebaserules.releases.update","firebaserules.rulesets.create"]}
[debug] [2023-10-04T03:45:03.979Z] >>> [apiv2][query] GET https://firebase.googleapis.com/v1beta1/projects/markit-63b00 [none]
[debug] [2023-10-04T03:45:04.495Z] <<< [apiv2][status] GET https://firebase.googleapis.com/v1beta1/projects/markit-63b00 200
[debug] [2023-10-04T03:45:04.496Z] <<< [apiv2][body] GET https://firebase.googleapis.com/v1beta1/projects/markit-63b00 {"projectId":"markit-63b00","projectNumber":"641710364027","displayName":"MarkIt","name":"projects/markit-63b00","resources":{"hostingSite":"markit-63b00","storageBucket":"markit-63b00.appspot.com","locationId":"us-central"},"state":"ACTIVE","etag":"1_23b44130-b60d-4946-9b6c-95c19954d571"}
[info] 
[info] === Deploying to 'markit-63b00'...
[info] 
[info] i  deploying storage, firestore, hosting 
[info] i  storage: ensuring required API firebasestorage.googleapis.com is enabled... 
[debug] [2023-10-04T03:45:04.499Z] >>> [apiv2][query] GET https://serviceusage.googleapis.com/v1/projects/markit-63b00/services/firebasestorage.googleapis.com [none]
[debug] [2023-10-04T03:45:04.500Z] >>> [apiv2][(partial)header] GET https://serviceusage.googleapis.com/v1/projects/markit-63b00/services/firebasestorage.googleapis.com x-goog-quota-user=projects/markit-63b00
[debug] [2023-10-04T03:45:05.107Z] <<< [apiv2][status] GET https://serviceusage.googleapis.com/v1/projects/markit-63b00/services/firebasestorage.googleapis.com 200
[debug] [2023-10-04T03:45:05.107Z] <<< [apiv2][body] GET https://serviceusage.googleapis.com/v1/projects/markit-63b00/services/firebasestorage.googleapis.com [omitted]
[info] ✔  storage: required API firebasestorage.googleapis.com is enabled 
[debug] [2023-10-04T03:45:05.108Z] >>> [apiv2][query] GET https://firebasestorage.googleapis.com/v1alpha/projects/markit-63b00/defaultBucket [none]
[debug] [2023-10-04T03:45:05.616Z] <<< [apiv2][status] GET https://firebasestorage.googleapis.com/v1alpha/projects/markit-63b00/defaultBucket 200
[debug] [2023-10-04T03:45:05.616Z] <<< [apiv2][body] GET https://firebasestorage.googleapis.com/v1alpha/projects/markit-63b00/defaultBucket {"name":"projects/markit-63b00/defaultBucket","location":"US","bucket":{"name":"projects/markit-63b00/buckets/markit-63b00.appspot.com"}}
[info] i  firebase.storage: checking storage.rules for compilation errors... 
[debug] [2023-10-04T03:45:05.620Z] >>> [apiv2][query] POST https://firebaserules.googleapis.com/v1/projects/markit-63b00:test [none]
[debug] [2023-10-04T03:45:05.620Z] >>> [apiv2][body] POST https://firebaserules.googleapis.com/v1/projects/markit-63b00:test [omitted]
